<?xml version="1.0" encoding="utf-8"?><testsuites name="pytest tests"><testsuite name="pytest" errors="0" failures="1" skipped="0" tests="33" time="7.796" timestamp="2026-06-27T06:34:12.312598+00:00" hostname="agent-env-e340248e-fffe-42e2-af04-35656a95abee"><testcase classname="tests.test_super8_backend.TestOwnerReadOnly" name="test_owner_can_read_dashboard" time="0.698" /><testcase classname="tests.test_super8_backend.TestOwnerReadOnly" name="test_owner_can_read_rooms" time="0.134" /><testcase classname="tests.test_super8_backend.TestHotel" name="test_create_room" time="0.791" /><testcase classname="tests.test_super8_backend.TestHotel" name="test_availability" time="0.104" /><testcase classname="tests.test_super8_backend.TestOwnerReadOnly" name="test_owner_can_read_inventory" time="0.100" /><testcase classname="tests.test_super8_backend.TestHotel" name="test_checkin_reservation_blocks_room" time="0.301" /><testcase classname="tests.test_super8_backend.TestOwnerReadOnly" name="test_owner_blocked_create_room" time="0.166" /><testcase classname="tests.test_super8_backend.TestOwnerReadOnly" name="test_owner_blocked_create_reservation" time="0.135" /><testcase classname="tests.test_super8_backend.TestHotel" name="test_future_reservation_no_room" time="0.101" /><testcase classname="tests.test_super8_backend.TestOwnerReadOnly" name="test_owner_blocked_create_bar_entry" time="0.099" /><testcase classname="tests.test_super8_backend.TestHotel" name="test_convert_future_to_checkin" time="0.467" /><testcase classname="tests.test_super8_backend.TestOwnerReadOnly" name="test_owner_blocked_create_payout" time="0.095" /><testcase classname="tests.test_super8_backend.TestHotel" name="test_extend_stay" time="0.109" /><testcase classname="tests.test_super8_backend.TestHotel" name="test_early_checkout_with_refund" time="0.217" /><testcase classname="tests.test_super8_backend.TestBar" name="test_create_item" time="0.454" /><testcase classname="tests.test_super8_backend.TestBar" name="test_prefill" time="0.169" /><testcase classname="tests.test_super8_backend.TestBar" name="test_submit_entry_with_negative_cash" time="0.102" /><testcase classname="tests.test_super8_backend.TestAdmin" name="test_verify_pin_correct" time="0.140" /><testcase classname="tests.test_super8_backend.TestBar" name="test_get_entry" time="0.138" /><testcase classname="tests.test_super8_backend.TestAdmin" name="test_verify_pin_wrong" time="0.139" /><testcase classname="tests.test_super8_backend.TestBar" name="test_late_entry_flag" time="0.147" /><testcase classname="tests.test_super8_backend.TestAdmin" name="test_users_crud" time="0.680" /><testcase classname="tests.test_super8_backend.TestAuth" name="test_admin_login" time="0.513" /><testcase classname="tests.test_super8_backend.TestAuth" name="test_owner_login" time="0.389" /><testcase classname="tests.test_super8_backend.TestAdmin" name="test_audit_logs" time="0.251" /><testcase classname="tests.test_super8_backend.TestAdmin" name="test_log_edit_pin_required" time="2.858" /><testcase classname="tests.test_super8_backend.TestAuth" name="test_invalid_login" time="0.098" /><testcase classname="tests.test_super8_backend.TestAuth" name="test_me" time="0.101" /><testcase classname="tests.test_super8_backend.TestAI" name="test_ai_history" time="0.099" /><testcase classname="tests.test_super8_backend.TestAI" name="test_ai_chat_sse" time="3.487" /><testcase classname="tests.test_super8_backend.TestReportsAndDashboard" name="test_dashboard_structure" time="0.248"><failure message="AssertionError: missing hotel.rooms&#10;assert 'rooms' in {'revenue': {'cash': 268.0, 'card': 392.4, 'interac': 0, 'total': 660.4}, 'total_rooms': 10, 'occupied': 2, 'vacant': 7, ...}">backend/tests/test_super8_backend.py:276: in test_dashboard_structure
    assert k in hot, f"missing hotel.{k}"
E   AssertionError: missing hotel.rooms
E   assert 'rooms' in {'revenue': {'cash': 268.0, 'card': 392.4, 'interac': 0, 'total': 660.4}, 'total_rooms': 10, 'occupied': 2, 'vacant': 7, ...}</failure></testcase><testcase classname="tests.test_super8_backend.TestReportsAndDashboard" name="test_hotel_reports" time="0.353" /><testcase classname="tests.test_super8_backend.TestReportsAndDashboard" name="test_bar_reports_negative_cash_preserved" time="0.097" /></testsuite></testsuites>